<?xml version="1.0" encoding="UTF-8"?>
<!-- Generated by org.testng.reporters.JUnitReportReporter -->
<testsuite hostname="Rashu" failures="0" tests="1" name="TestNg.NewTestSelenium" time="0.012" errors="0" timestamp="2022-10-05T19:34:36 EDT" skipped="0">
  <testcase classname="TestNg.NewTestSelenium" name="f" time="0.012"/>
  <system-out/>
</testsuite> <!-- TestNg.NewTestSelenium -->
